   1               		.file	"nrk_eeprom.c"
   2               	__SP_H__ = 0x3e
   3               	__SP_L__ = 0x3d
   4               	__SREG__ = 0x3f
   5               	__RAMPZ__ = 0x3b
   6               	__tmp_reg__ = 0
   7               	__zero_reg__ = 1
  10               		.text
  11               	.Ltext0:
 307               	.global	nrk_eeprom_read_byte
 309               	nrk_eeprom_read_byte:
 310               		.stabd	46,0,0
   1:../../../src/platform/firefly3/source/nrk_eeprom.c **** #include <nrk_eeprom.h>
   2:../../../src/platform/firefly3/source/nrk_eeprom.c **** #include <avr/eeprom.h>
   3:../../../src/platform/firefly3/source/nrk_eeprom.c **** #include <nrk_error.h>
   4:../../../src/platform/firefly3/source/nrk_eeprom.c **** 
   5:../../../src/platform/firefly3/source/nrk_eeprom.c **** uint8_t nrk_eeprom_read_byte( uint16_t addr )
   6:../../../src/platform/firefly3/source/nrk_eeprom.c **** {
 312               	.LM0:
 313               	.LFBB1:
 314               	/* prologue: function */
 315               	/* frame size = 0 */
 316               	/* stack size = 0 */
 317               	.L__stack_usage = 0
   7:../../../src/platform/firefly3/source/nrk_eeprom.c **** uint8_t v;
   8:../../../src/platform/firefly3/source/nrk_eeprom.c **** v=eeprom_read_byte((uint8_t*)addr);
 319               	.LM1:
 320 0000 0C94 0000 		jmp __eerd_byte_m128rfa1
 322               	.Lscope1:
 324               		.stabd	78,0,0
 328               	.global	nrk_eeprom_write_byte
 330               	nrk_eeprom_write_byte:
 331               		.stabd	46,0,0
   9:../../../src/platform/firefly3/source/nrk_eeprom.c **** return v;
  10:../../../src/platform/firefly3/source/nrk_eeprom.c **** }
  11:../../../src/platform/firefly3/source/nrk_eeprom.c **** 
  12:../../../src/platform/firefly3/source/nrk_eeprom.c **** int8_t nrk_eeprom_write_byte( uint16_t addr, uint8_t value )
  13:../../../src/platform/firefly3/source/nrk_eeprom.c **** {
 333               	.LM2:
 334               	.LFBB2:
 335               	/* prologue: function */
 336               	/* frame size = 0 */
 337               	/* stack size = 0 */
 338               	.L__stack_usage = 0
  14:../../../src/platform/firefly3/source/nrk_eeprom.c **** eeprom_write_byte( (uint8_t*)addr, value );
 340               	.LM3:
 341 0004 0E94 0000 		call __eewr_byte_m128rfa1
  15:../../../src/platform/firefly3/source/nrk_eeprom.c **** }
 343               	.LM4:
 344 0008 0895      		ret
 346               	.Lscope2:
 348               		.stabd	78,0,0
 351               	.global	read_eeprom_mac_address
 353               	read_eeprom_mac_address:
 354               		.stabd	46,0,0
  16:../../../src/platform/firefly3/source/nrk_eeprom.c **** 
  17:../../../src/platform/firefly3/source/nrk_eeprom.c **** int8_t read_eeprom_mac_address(uint32_t *mac_addr)
  18:../../../src/platform/firefly3/source/nrk_eeprom.c **** {
 356               	.LM5:
 357               	.LFBB3:
 358 000a EF92      		push r14
 359 000c FF92      		push r15
 360 000e 0F93      		push r16
 361 0010 1F93      		push r17
 362 0012 CF93      		push r28
 363 0014 DF93      		push r29
 364               	/* prologue: function */
 365               	/* frame size = 0 */
 366               	/* stack size = 6 */
 367               	.L__stack_usage = 6
 368 0016 EC01      		movw r28,r24
  19:../../../src/platform/firefly3/source/nrk_eeprom.c **** uint8_t checksum,ct;
  20:../../../src/platform/firefly3/source/nrk_eeprom.c **** uint8_t *buf;
  21:../../../src/platform/firefly3/source/nrk_eeprom.c **** buf=(uint8_t *)mac_addr;
  22:../../../src/platform/firefly3/source/nrk_eeprom.c **** checksum=buf[0]+buf[1]+buf[2]+buf[3];
  23:../../../src/platform/firefly3/source/nrk_eeprom.c **** buf[3]=eeprom_read_byte ((uint8_t*)EE_MAC_ADDR_0);
 370               	.LM6:
 371 0018 80E0      		ldi r24,0
 372 001a 90E0      		ldi r25,0
 373 001c 0E94 0000 		call __eerd_byte_m128rfa1
 374 0020 F82E      		mov r15,r24
 375 0022 8B83      		std Y+3,r24
  24:../../../src/platform/firefly3/source/nrk_eeprom.c **** buf[2]=eeprom_read_byte ((uint8_t*)EE_MAC_ADDR_1);
 377               	.LM7:
 378 0024 81E0      		ldi r24,lo8(1)
 379 0026 90E0      		ldi r25,0
 380 0028 0E94 0000 		call __eerd_byte_m128rfa1
 381 002c E82E      		mov r14,r24
 382 002e 8A83      		std Y+2,r24
  25:../../../src/platform/firefly3/source/nrk_eeprom.c **** buf[1]=eeprom_read_byte ((uint8_t*)EE_MAC_ADDR_2);
 384               	.LM8:
 385 0030 82E0      		ldi r24,lo8(2)
 386 0032 90E0      		ldi r25,0
 387 0034 0E94 0000 		call __eerd_byte_m128rfa1
 388 0038 082F      		mov r16,r24
 389 003a 8983      		std Y+1,r24
  26:../../../src/platform/firefly3/source/nrk_eeprom.c **** buf[0]=eeprom_read_byte ((uint8_t*)EE_MAC_ADDR_3);
 391               	.LM9:
 392 003c 83E0      		ldi r24,lo8(3)
 393 003e 90E0      		ldi r25,0
 394 0040 0E94 0000 		call __eerd_byte_m128rfa1
 395 0044 182F      		mov r17,r24
 396 0046 8883      		st Y,r24
  27:../../../src/platform/firefly3/source/nrk_eeprom.c **** checksum=eeprom_read_byte ((uint8_t*)EE_MAC_ADDR_CHKSUM);
 398               	.LM10:
 399 0048 84E0      		ldi r24,lo8(4)
 400 004a 90E0      		ldi r25,0
 401 004c 0E94 0000 		call __eerd_byte_m128rfa1
  28:../../../src/platform/firefly3/source/nrk_eeprom.c **** ct=buf[0];
  29:../../../src/platform/firefly3/source/nrk_eeprom.c **** ct+=buf[1];
 403               	.LM11:
 404 0050 9E2D      		mov r25,r14
 405 0052 9F0D      		add r25,r15
  30:../../../src/platform/firefly3/source/nrk_eeprom.c **** ct+=buf[2];
 407               	.LM12:
 408 0054 900F      		add r25,r16
  31:../../../src/platform/firefly3/source/nrk_eeprom.c **** ct+=buf[3];
 410               	.LM13:
 411 0056 910F      		add r25,r17
  32:../../../src/platform/firefly3/source/nrk_eeprom.c **** if(checksum==ct) return NRK_OK;
 413               	.LM14:
 414 0058 8913      		cpse r24,r25
 415 005a 00C0      		rjmp .L5
 416 005c 81E0      		ldi r24,lo8(1)
 417 005e 00C0      		rjmp .L4
 418               	.L5:
  33:../../../src/platform/firefly3/source/nrk_eeprom.c **** 
  34:../../../src/platform/firefly3/source/nrk_eeprom.c **** return NRK_ERROR;
 420               	.LM15:
 421 0060 8FEF      		ldi r24,lo8(-1)
 422               	.L4:
 423               	/* epilogue start */
  35:../../../src/platform/firefly3/source/nrk_eeprom.c **** }
 425               	.LM16:
 426 0062 DF91      		pop r29
 427 0064 CF91      		pop r28
 428 0066 1F91      		pop r17
 429 0068 0F91      		pop r16
 430 006a FF90      		pop r15
 431 006c EF90      		pop r14
 432 006e 0895      		ret
 434               	.Lscope3:
 436               		.stabd	78,0,0
 439               	.global	read_eeprom_channel
 441               	read_eeprom_channel:
 442               		.stabd	46,0,0
  36:../../../src/platform/firefly3/source/nrk_eeprom.c **** 
  37:../../../src/platform/firefly3/source/nrk_eeprom.c **** int8_t read_eeprom_channel(uint8_t *channel)
  38:../../../src/platform/firefly3/source/nrk_eeprom.c **** {
 444               	.LM17:
 445               	.LFBB4:
 446 0070 CF93      		push r28
 447 0072 DF93      		push r29
 448               	/* prologue: function */
 449               	/* frame size = 0 */
 450               	/* stack size = 2 */
 451               	.L__stack_usage = 2
 452 0074 EC01      		movw r28,r24
  39:../../../src/platform/firefly3/source/nrk_eeprom.c ****   *channel=eeprom_read_byte ((uint8_t*)EE_CHANNEL);
 454               	.LM18:
 455 0076 85E0      		ldi r24,lo8(5)
 456 0078 90E0      		ldi r25,0
 457 007a 0E94 0000 		call __eerd_byte_m128rfa1
 458 007e 8883      		st Y,r24
  40:../../../src/platform/firefly3/source/nrk_eeprom.c **** return NRK_OK;
  41:../../../src/platform/firefly3/source/nrk_eeprom.c **** }
 460               	.LM19:
 461 0080 81E0      		ldi r24,lo8(1)
 462               	/* epilogue start */
 463 0082 DF91      		pop r29
 464 0084 CF91      		pop r28
 465 0086 0895      		ret
 467               	.Lscope4:
 469               		.stabd	78,0,0
 472               	.global	write_eeprom_load_img_pages
 474               	write_eeprom_load_img_pages:
 475               		.stabd	46,0,0
  42:../../../src/platform/firefly3/source/nrk_eeprom.c **** 
  43:../../../src/platform/firefly3/source/nrk_eeprom.c **** int8_t write_eeprom_load_img_pages(uint8_t *load_pages)
  44:../../../src/platform/firefly3/source/nrk_eeprom.c **** {
 477               	.LM20:
 478               	.LFBB5:
 479               	/* prologue: function */
 480               	/* frame size = 0 */
 481               	/* stack size = 0 */
 482               	.L__stack_usage = 0
  45:../../../src/platform/firefly3/source/nrk_eeprom.c ****   eeprom_write_byte ((uint8_t*)EE_LOAD_IMG_PAGES, *load_pages);
 484               	.LM21:
 485 0088 FC01      		movw r30,r24
 486 008a 6081      		ld r22,Z
 487 008c 86E0      		ldi r24,lo8(6)
 488 008e 90E0      		ldi r25,0
 489 0090 0E94 0000 		call __eewr_byte_m128rfa1
  46:../../../src/platform/firefly3/source/nrk_eeprom.c ****   return NRK_OK;
  47:../../../src/platform/firefly3/source/nrk_eeprom.c **** }
 491               	.LM22:
 492 0094 81E0      		ldi r24,lo8(1)
 493 0096 0895      		ret
 495               	.Lscope5:
 497               		.stabd	78,0,0
 500               	.global	read_eeprom_load_img_pages
 502               	read_eeprom_load_img_pages:
 503               		.stabd	46,0,0
  48:../../../src/platform/firefly3/source/nrk_eeprom.c **** 
  49:../../../src/platform/firefly3/source/nrk_eeprom.c **** int8_t read_eeprom_load_img_pages(uint8_t *load_pages)
  50:../../../src/platform/firefly3/source/nrk_eeprom.c **** {
 505               	.LM23:
 506               	.LFBB6:
 507 0098 CF93      		push r28
 508 009a DF93      		push r29
 509               	/* prologue: function */
 510               	/* frame size = 0 */
 511               	/* stack size = 2 */
 512               	.L__stack_usage = 2
 513 009c EC01      		movw r28,r24
  51:../../../src/platform/firefly3/source/nrk_eeprom.c ****   *load_pages=eeprom_read_byte ((uint8_t*)EE_LOAD_IMG_PAGES);
 515               	.LM24:
 516 009e 86E0      		ldi r24,lo8(6)
 517 00a0 90E0      		ldi r25,0
 518 00a2 0E94 0000 		call __eerd_byte_m128rfa1
 519 00a6 8883      		st Y,r24
  52:../../../src/platform/firefly3/source/nrk_eeprom.c ****   return NRK_OK;
  53:../../../src/platform/firefly3/source/nrk_eeprom.c **** }
 521               	.LM25:
 522 00a8 81E0      		ldi r24,lo8(1)
 523               	/* epilogue start */
 524 00aa DF91      		pop r29
 525 00ac CF91      		pop r28
 526 00ae 0895      		ret
 528               	.Lscope6:
 530               		.stabd	78,0,0
 533               	.global	read_eeprom_aes_key
 535               	read_eeprom_aes_key:
 536               		.stabd	46,0,0
  54:../../../src/platform/firefly3/source/nrk_eeprom.c **** 
  55:../../../src/platform/firefly3/source/nrk_eeprom.c **** int8_t read_eeprom_aes_key(uint8_t *aes_key)
  56:../../../src/platform/firefly3/source/nrk_eeprom.c **** {
 538               	.LM26:
 539               	.LFBB7:
 540 00b0 0F93      		push r16
 541 00b2 1F93      		push r17
 542 00b4 CF93      		push r28
 543 00b6 DF93      		push r29
 544               	/* prologue: function */
 545               	/* frame size = 0 */
 546               	/* stack size = 4 */
 547               	.L__stack_usage = 4
 548 00b8 8C01      		movw r16,r24
 550               	.LM27:
 551 00ba C8E0      		ldi r28,lo8(8)
 552 00bc D0E0      		ldi r29,0
 553               	.L12:
  57:../../../src/platform/firefly3/source/nrk_eeprom.c **** uint8_t i;
  58:../../../src/platform/firefly3/source/nrk_eeprom.c **** for(i=0; i<16; i++ )
  59:../../../src/platform/firefly3/source/nrk_eeprom.c ****   aes_key[i]=eeprom_read_byte ((uint8_t*)(EE_AES_KEY+i));
 555               	.LM28:
 556 00be CE01      		movw r24,r28
 557 00c0 0E94 0000 		call __eerd_byte_m128rfa1
 558 00c4 F801      		movw r30,r16
 559 00c6 8193      		st Z+,r24
 560 00c8 8F01      		movw r16,r30
 561 00ca 2196      		adiw r28,1
  58:../../../src/platform/firefly3/source/nrk_eeprom.c **** for(i=0; i<16; i++ )
 563               	.LM29:
 564 00cc C831      		cpi r28,24
 565 00ce D105      		cpc r29,__zero_reg__
 566 00d0 01F4      		brne .L12
  60:../../../src/platform/firefly3/source/nrk_eeprom.c ****   return NRK_OK;
  61:../../../src/platform/firefly3/source/nrk_eeprom.c **** }
 568               	.LM30:
 569 00d2 81E0      		ldi r24,lo8(1)
 570               	/* epilogue start */
 571 00d4 DF91      		pop r29
 572 00d6 CF91      		pop r28
 573 00d8 1F91      		pop r17
 574 00da 0F91      		pop r16
 575 00dc 0895      		ret
 577               	.Lscope7:
 579               		.stabd	78,0,0
 582               	.global	write_eeprom_aes_key
 584               	write_eeprom_aes_key:
 585               		.stabd	46,0,0
  62:../../../src/platform/firefly3/source/nrk_eeprom.c **** 
  63:../../../src/platform/firefly3/source/nrk_eeprom.c **** int8_t write_eeprom_aes_key(uint8_t *aes_key)
  64:../../../src/platform/firefly3/source/nrk_eeprom.c **** {
 587               	.LM31:
 588               	.LFBB8:
 589 00de 0F93      		push r16
 590 00e0 1F93      		push r17
 591 00e2 CF93      		push r28
 592 00e4 DF93      		push r29
 593               	/* prologue: function */
 594               	/* frame size = 0 */
 595               	/* stack size = 4 */
 596               	.L__stack_usage = 4
 597 00e6 8C01      		movw r16,r24
 599               	.LM32:
 600 00e8 C8E0      		ldi r28,lo8(8)
 601 00ea D0E0      		ldi r29,0
 602               	.L15:
  65:../../../src/platform/firefly3/source/nrk_eeprom.c **** uint8_t i;
  66:../../../src/platform/firefly3/source/nrk_eeprom.c **** for(i=0; i<16; i++ )
  67:../../../src/platform/firefly3/source/nrk_eeprom.c ****   eeprom_write_byte ((uint8_t*)(EE_AES_KEY+i),aes_key[i]);
 604               	.LM33:
 605 00ec F801      		movw r30,r16
 606 00ee 6191      		ld r22,Z+
 607 00f0 8F01      		movw r16,r30
 608 00f2 CE01      		movw r24,r28
 609 00f4 0E94 0000 		call __eewr_byte_m128rfa1
 610 00f8 2196      		adiw r28,1
  66:../../../src/platform/firefly3/source/nrk_eeprom.c **** for(i=0; i<16; i++ )
 612               	.LM34:
 613 00fa C831      		cpi r28,24
 614 00fc D105      		cpc r29,__zero_reg__
 615 00fe 01F4      		brne .L15
  68:../../../src/platform/firefly3/source/nrk_eeprom.c ****   return NRK_OK;
  69:../../../src/platform/firefly3/source/nrk_eeprom.c **** }
 617               	.LM35:
 618 0100 81E0      		ldi r24,lo8(1)
 619               	/* epilogue start */
 620 0102 DF91      		pop r29
 621 0104 CF91      		pop r28
 622 0106 1F91      		pop r17
 623 0108 0F91      		pop r16
 624 010a 0895      		ret
 626               	.Lscope8:
 628               		.stabd	78,0,0
 631               	.global	read_eeprom_current_image_checksum
 633               	read_eeprom_current_image_checksum:
 634               		.stabd	46,0,0
  70:../../../src/platform/firefly3/source/nrk_eeprom.c **** 
  71:../../../src/platform/firefly3/source/nrk_eeprom.c **** int8_t read_eeprom_current_image_checksum(uint8_t *image_checksum)
  72:../../../src/platform/firefly3/source/nrk_eeprom.c **** {
 636               	.LM36:
 637               	.LFBB9:
 638 010c CF93      		push r28
 639 010e DF93      		push r29
 640               	/* prologue: function */
 641               	/* frame size = 0 */
 642               	/* stack size = 2 */
 643               	.L__stack_usage = 2
 644 0110 EC01      		movw r28,r24
  73:../../../src/platform/firefly3/source/nrk_eeprom.c ****   *image_checksum=eeprom_read_byte ((uint8_t*)EE_CURRENT_IMAGE_CHECKSUM);
 646               	.LM37:
 647 0112 87E0      		ldi r24,lo8(7)
 648 0114 90E0      		ldi r25,0
 649 0116 0E94 0000 		call __eerd_byte_m128rfa1
 650 011a 8883      		st Y,r24
  74:../../../src/platform/firefly3/source/nrk_eeprom.c ****   return NRK_OK;
  75:../../../src/platform/firefly3/source/nrk_eeprom.c **** }
 652               	.LM38:
 653 011c 81E0      		ldi r24,lo8(1)
 654               	/* epilogue start */
 655 011e DF91      		pop r29
 656 0120 CF91      		pop r28
 657 0122 0895      		ret
 659               	.Lscope9:
 661               		.stabd	78,0,0
 664               	.global	write_eeprom_current_image_checksum
 666               	write_eeprom_current_image_checksum:
 667               		.stabd	46,0,0
  76:../../../src/platform/firefly3/source/nrk_eeprom.c **** 
  77:../../../src/platform/firefly3/source/nrk_eeprom.c **** int8_t write_eeprom_current_image_checksum(uint8_t *image_checksum)
  78:../../../src/platform/firefly3/source/nrk_eeprom.c **** {
 669               	.LM39:
 670               	.LFBB10:
 671               	/* prologue: function */
 672               	/* frame size = 0 */
 673               	/* stack size = 0 */
 674               	.L__stack_usage = 0
  79:../../../src/platform/firefly3/source/nrk_eeprom.c ****   eeprom_write_byte ((uint8_t*)EE_CURRENT_IMAGE_CHECKSUM, *image_checksum);
 676               	.LM40:
 677 0124 FC01      		movw r30,r24
 678 0126 6081      		ld r22,Z
 679 0128 87E0      		ldi r24,lo8(7)
 680 012a 90E0      		ldi r25,0
 681 012c 0E94 0000 		call __eewr_byte_m128rfa1
  80:../../../src/platform/firefly3/source/nrk_eeprom.c ****   return NRK_OK;
  81:../../../src/platform/firefly3/source/nrk_eeprom.c **** }
 683               	.LM41:
 684 0130 81E0      		ldi r24,lo8(1)
 685 0132 0895      		ret
 687               	.Lscope10:
 689               		.stabd	78,0,0
 690               		.comm	error_num,1,1
 691               		.comm	error_task,1,1
 692               		.comm	_nrk_signal_list,4,1
 697               	.Letext0:
 698               		.ident	"GCC: (GNU) 4.8.2"
 699               	.global __do_clear_bss
DEFINED SYMBOLS
                            *ABS*:0000000000000000 nrk_eeprom.c
     /tmp/ccWmU1E8.s:2      *ABS*:000000000000003e __SP_H__
     /tmp/ccWmU1E8.s:3      *ABS*:000000000000003d __SP_L__
     /tmp/ccWmU1E8.s:4      *ABS*:000000000000003f __SREG__
     /tmp/ccWmU1E8.s:5      *ABS*:000000000000003b __RAMPZ__
     /tmp/ccWmU1E8.s:6      *ABS*:0000000000000000 __tmp_reg__
     /tmp/ccWmU1E8.s:7      *ABS*:0000000000000001 __zero_reg__
     /tmp/ccWmU1E8.s:309    .text:0000000000000000 nrk_eeprom_read_byte
     /tmp/ccWmU1E8.s:330    .text:0000000000000004 nrk_eeprom_write_byte
     /tmp/ccWmU1E8.s:353    .text:000000000000000a read_eeprom_mac_address
     /tmp/ccWmU1E8.s:441    .text:0000000000000070 read_eeprom_channel
     /tmp/ccWmU1E8.s:474    .text:0000000000000088 write_eeprom_load_img_pages
     /tmp/ccWmU1E8.s:502    .text:0000000000000098 read_eeprom_load_img_pages
     /tmp/ccWmU1E8.s:535    .text:00000000000000b0 read_eeprom_aes_key
     /tmp/ccWmU1E8.s:584    .text:00000000000000de write_eeprom_aes_key
     /tmp/ccWmU1E8.s:633    .text:000000000000010c read_eeprom_current_image_checksum
     /tmp/ccWmU1E8.s:666    .text:0000000000000124 write_eeprom_current_image_checksum
                            *COM*:0000000000000001 error_num
                            *COM*:0000000000000001 error_task
                            *COM*:0000000000000004 _nrk_signal_list

UNDEFINED SYMBOLS
__eerd_byte_m128rfa1
__eewr_byte_m128rfa1
__do_clear_bss
