   1               		.file	"adc_driver.c"
   2               	__SP_H__ = 0x3e
   3               	__SP_L__ = 0x3d
   4               	__SREG__ = 0x3f
   5               	__RAMPZ__ = 0x3b
   6               	__tmp_reg__ = 0
   7               	__zero_reg__ = 1
  10               		.text
  11               	.Ltext0:
 317               	.global	init_adc
 319               	init_adc:
 320               		.stabd	46,0,0
   1:../../../src/drivers/platform/firefly3/source/adc_driver.c **** /******************************************************************************
   2:../../../src/drivers/platform/firefly3/source/adc_driver.c **** *  Nano-RK, a real-time operating system for sensor networks.
   3:../../../src/drivers/platform/firefly3/source/adc_driver.c **** *  Copyright (C) 2007, Real-Time and Multimedia Lab, Carnegie Mellon University
   4:../../../src/drivers/platform/firefly3/source/adc_driver.c **** *  All rights reserved.
   5:../../../src/drivers/platform/firefly3/source/adc_driver.c **** *
   6:../../../src/drivers/platform/firefly3/source/adc_driver.c **** *  This is the Open Source Version of Nano-RK included as part of a Dual
   7:../../../src/drivers/platform/firefly3/source/adc_driver.c **** *  Licensing Model. If you are unsure which license to use please refer to:
   8:../../../src/drivers/platform/firefly3/source/adc_driver.c **** *  http://www.nanork.org/nano-RK/wiki/Licensing
   9:../../../src/drivers/platform/firefly3/source/adc_driver.c **** *
  10:../../../src/drivers/platform/firefly3/source/adc_driver.c **** *  This program is free software: you can redistribute it and/or modify
  11:../../../src/drivers/platform/firefly3/source/adc_driver.c **** *  it under the terms of the GNU General Public License as published by
  12:../../../src/drivers/platform/firefly3/source/adc_driver.c **** *  the Free Software Foundation, version 2.0 of the License.
  13:../../../src/drivers/platform/firefly3/source/adc_driver.c **** *
  14:../../../src/drivers/platform/firefly3/source/adc_driver.c **** *  This program is distributed in the hope that it will be useful,
  15:../../../src/drivers/platform/firefly3/source/adc_driver.c **** *  but WITHOUT ANY WARRANTY; without even the implied warranty of
  16:../../../src/drivers/platform/firefly3/source/adc_driver.c **** *  MERCHANTABILITY or FITNESS FOR A PARTICULAR PURPOSE.  See the
  17:../../../src/drivers/platform/firefly3/source/adc_driver.c **** *  GNU General Public License for more details.
  18:../../../src/drivers/platform/firefly3/source/adc_driver.c **** *
  19:../../../src/drivers/platform/firefly3/source/adc_driver.c **** *  You should have received a copy of the GNU General Public License
  20:../../../src/drivers/platform/firefly3/source/adc_driver.c **** *  along with this program.  If not, see <http://www.gnu.org/licenses/>.
  21:../../../src/drivers/platform/firefly3/source/adc_driver.c **** *
  22:../../../src/drivers/platform/firefly3/source/adc_driver.c **** *  Contributing Authors (specific to this file):
  23:../../../src/drivers/platform/firefly3/source/adc_driver.c **** *  Zane Starr
  24:../../../src/drivers/platform/firefly3/source/adc_driver.c **** *  Anthony Rowe
  25:../../../src/drivers/platform/firefly3/source/adc_driver.c **** *******************************************************************************/
  26:../../../src/drivers/platform/firefly3/source/adc_driver.c **** 
  27:../../../src/drivers/platform/firefly3/source/adc_driver.c **** 
  28:../../../src/drivers/platform/firefly3/source/adc_driver.c **** #include <nrk_driver_list.h>
  29:../../../src/drivers/platform/firefly3/source/adc_driver.c **** #include <nrk_driver.h>
  30:../../../src/drivers/platform/firefly3/source/adc_driver.c **** #include <adc_driver.h>
  31:../../../src/drivers/platform/firefly3/source/adc_driver.c **** #include <include.h>
  32:../../../src/drivers/platform/firefly3/source/adc_driver.c **** #include <stdio.h>
  33:../../../src/drivers/platform/firefly3/source/adc_driver.c **** #include <ulib.h>
  34:../../../src/drivers/platform/firefly3/source/adc_driver.c **** #include <nrk_error.h>
  35:../../../src/drivers/platform/firefly3/source/adc_driver.c **** #include <nrk.h>
  36:../../../src/drivers/platform/firefly3/source/adc_driver.c **** #include <stdint.h>
  37:../../../src/drivers/platform/firefly3/source/adc_driver.c **** 
  38:../../../src/drivers/platform/firefly3/source/adc_driver.c **** #define ADC_SETUP_DELAY  500
  39:../../../src/drivers/platform/firefly3/source/adc_driver.c **** 
  40:../../../src/drivers/platform/firefly3/source/adc_driver.c **** uint8_t channel;
  41:../../../src/drivers/platform/firefly3/source/adc_driver.c **** 
  42:../../../src/drivers/platform/firefly3/source/adc_driver.c **** #define ADC_INIT() \
  43:../../../src/drivers/platform/firefly3/source/adc_driver.c ****     do { \
  44:../../../src/drivers/platform/firefly3/source/adc_driver.c **** 	ADCSRA = BM(ADPS0) | BM(ADPS1); \
  45:../../../src/drivers/platform/firefly3/source/adc_driver.c **** 	ADMUX = BM(REFS0); \
  46:../../../src/drivers/platform/firefly3/source/adc_driver.c **** } while (0)
  47:../../../src/drivers/platform/firefly3/source/adc_driver.c **** 
  48:../../../src/drivers/platform/firefly3/source/adc_driver.c **** #define ADC_SET_CHANNEL(channel) do { ADMUX = (ADMUX & ~0x1F) | (channel); } while (0)
  49:../../../src/drivers/platform/firefly3/source/adc_driver.c **** 
  50:../../../src/drivers/platform/firefly3/source/adc_driver.c **** // Enables/disables the ADC
  51:../../../src/drivers/platform/firefly3/source/adc_driver.c **** #define ADC_ENABLE() do { ADCSRA |= BM(ADEN); } while (0)
  52:../../../src/drivers/platform/firefly3/source/adc_driver.c **** #define ADC_DISABLE() do { ADCSRA &= ~BM(ADEN); } while (0)
  53:../../../src/drivers/platform/firefly3/source/adc_driver.c **** 
  54:../../../src/drivers/platform/firefly3/source/adc_driver.c **** #define ADC_SAMPLE_SINGLE() \
  55:../../../src/drivers/platform/firefly3/source/adc_driver.c ****     do { \
  56:../../../src/drivers/platform/firefly3/source/adc_driver.c **** ADCSRA |= BM(ADSC); \
  57:../../../src/drivers/platform/firefly3/source/adc_driver.c **** while (!(ADCSRA & 0x10)); \
  58:../../../src/drivers/platform/firefly3/source/adc_driver.c **** } while(0)
  59:../../../src/drivers/platform/firefly3/source/adc_driver.c **** 
  60:../../../src/drivers/platform/firefly3/source/adc_driver.c **** // Macros for obtaining the latest sample value
  61:../../../src/drivers/platform/firefly3/source/adc_driver.c **** #define ADC_GET_SAMPLE_10(x) \
  62:../../../src/drivers/platform/firefly3/source/adc_driver.c **** do { \
  63:../../../src/drivers/platform/firefly3/source/adc_driver.c **** x =  ADCL; \
  64:../../../src/drivers/platform/firefly3/source/adc_driver.c **** x |= ADCH << 8; \
  65:../../../src/drivers/platform/firefly3/source/adc_driver.c **** } while (0)
  66:../../../src/drivers/platform/firefly3/source/adc_driver.c **** 
  67:../../../src/drivers/platform/firefly3/source/adc_driver.c **** #define ADC_GET_SAMPLE_8(x) \
  68:../../../src/drivers/platform/firefly3/source/adc_driver.c **** do { \
  69:../../../src/drivers/platform/firefly3/source/adc_driver.c **** x = ((uint8_t) ADCL) >> 2; \
  70:../../../src/drivers/platform/firefly3/source/adc_driver.c **** x |= ((int8_t) ADCH) << 6; \
  71:../../../src/drivers/platform/firefly3/source/adc_driver.c **** } while (0)
  72:../../../src/drivers/platform/firefly3/source/adc_driver.c **** 
  73:../../../src/drivers/platform/firefly3/source/adc_driver.c **** uint8_t dev_manager_adc(uint8_t action,uint8_t opt,uint8_t *buffer,uint8_t size)
  74:../../../src/drivers/platform/firefly3/source/adc_driver.c **** {
  75:../../../src/drivers/platform/firefly3/source/adc_driver.c **** uint8_t count=0;
  76:../../../src/drivers/platform/firefly3/source/adc_driver.c **** // key and value get passed as opt and size
  77:../../../src/drivers/platform/firefly3/source/adc_driver.c **** uint8_t key=opt;
  78:../../../src/drivers/platform/firefly3/source/adc_driver.c **** uint8_t value=size;
  79:../../../src/drivers/platform/firefly3/source/adc_driver.c **** uint16_t val;
  80:../../../src/drivers/platform/firefly3/source/adc_driver.c **** 
  81:../../../src/drivers/platform/firefly3/source/adc_driver.c ****      switch(action)
  82:../../../src/drivers/platform/firefly3/source/adc_driver.c ****      {
  83:../../../src/drivers/platform/firefly3/source/adc_driver.c ****             case INIT: 
  84:../../../src/drivers/platform/firefly3/source/adc_driver.c **** 	     		init_adc();  
  85:../../../src/drivers/platform/firefly3/source/adc_driver.c **** 		      return 1;
  86:../../../src/drivers/platform/firefly3/source/adc_driver.c **** 	     
  87:../../../src/drivers/platform/firefly3/source/adc_driver.c **** 	    case OPEN:   
  88:../../../src/drivers/platform/firefly3/source/adc_driver.c **** 		    if(opt&READ_FLAG)
  89:../../../src/drivers/platform/firefly3/source/adc_driver.c **** 		    {
  90:../../../src/drivers/platform/firefly3/source/adc_driver.c **** 		   	return NRK_OK; 
  91:../../../src/drivers/platform/firefly3/source/adc_driver.c **** 		    }
  92:../../../src/drivers/platform/firefly3/source/adc_driver.c **** 		    if(opt&WRITE_FLAG)
  93:../../../src/drivers/platform/firefly3/source/adc_driver.c **** 		    {
  94:../../../src/drivers/platform/firefly3/source/adc_driver.c **** 		   	return NRK_ERROR; 
  95:../../../src/drivers/platform/firefly3/source/adc_driver.c **** 		    }
  96:../../../src/drivers/platform/firefly3/source/adc_driver.c **** 		    if(opt&APPEND_FLAG)
  97:../../../src/drivers/platform/firefly3/source/adc_driver.c **** 		    {
  98:../../../src/drivers/platform/firefly3/source/adc_driver.c **** 		   	return NRK_ERROR; 
  99:../../../src/drivers/platform/firefly3/source/adc_driver.c **** 		    }
 100:../../../src/drivers/platform/firefly3/source/adc_driver.c **** 		    if(opt&(READ_FLAG|WRITE_FLAG|APPEND_FLAG)==0)
 101:../../../src/drivers/platform/firefly3/source/adc_driver.c **** 		    	return NRK_ERROR;
 102:../../../src/drivers/platform/firefly3/source/adc_driver.c **** 		    else return NRK_OK;
 103:../../../src/drivers/platform/firefly3/source/adc_driver.c **** 		
 104:../../../src/drivers/platform/firefly3/source/adc_driver.c **** 	    
 105:../../../src/drivers/platform/firefly3/source/adc_driver.c **** 
 106:../../../src/drivers/platform/firefly3/source/adc_driver.c ****              case READ:
 107:../../../src/drivers/platform/firefly3/source/adc_driver.c **** 			      /* Conversion to 8-bit value*/
 108:../../../src/drivers/platform/firefly3/source/adc_driver.c **** 			      val=get_adc_val();
 109:../../../src/drivers/platform/firefly3/source/adc_driver.c **** 			      buffer[count]=val & 0xFF;
 110:../../../src/drivers/platform/firefly3/source/adc_driver.c **** 			      count++;
 111:../../../src/drivers/platform/firefly3/source/adc_driver.c **** 			      buffer[count]=(val>>8)  & 0xFF;
 112:../../../src/drivers/platform/firefly3/source/adc_driver.c **** 			      count++;
 113:../../../src/drivers/platform/firefly3/source/adc_driver.c ****                       return count;
 114:../../../src/drivers/platform/firefly3/source/adc_driver.c **** 
 115:../../../src/drivers/platform/firefly3/source/adc_driver.c ****              case CLOSE:
 116:../../../src/drivers/platform/firefly3/source/adc_driver.c ****                         return NRK_OK;
 117:../../../src/drivers/platform/firefly3/source/adc_driver.c ****              
 118:../../../src/drivers/platform/firefly3/source/adc_driver.c **** 	     case GET_STATUS:
 119:../../../src/drivers/platform/firefly3/source/adc_driver.c **** 	     		// use "key" here 
 120:../../../src/drivers/platform/firefly3/source/adc_driver.c **** 			if(key==ADC_CHAN) return channel;
 121:../../../src/drivers/platform/firefly3/source/adc_driver.c **** 	     		return NRK_ERROR;
 122:../../../src/drivers/platform/firefly3/source/adc_driver.c **** 			
 123:../../../src/drivers/platform/firefly3/source/adc_driver.c ****              case SET_STATUS:
 124:../../../src/drivers/platform/firefly3/source/adc_driver.c **** 	     		// use "key" and "value" here
 125:../../../src/drivers/platform/firefly3/source/adc_driver.c ****   			if(key==ADC_CHAN) 
 126:../../../src/drivers/platform/firefly3/source/adc_driver.c **** 			{
 127:../../../src/drivers/platform/firefly3/source/adc_driver.c **** 				channel=value;
 128:../../../src/drivers/platform/firefly3/source/adc_driver.c **** 				ADC_SET_CHANNEL (channel);
 129:../../../src/drivers/platform/firefly3/source/adc_driver.c **** 				return NRK_OK;
 130:../../../src/drivers/platform/firefly3/source/adc_driver.c **** 			}
 131:../../../src/drivers/platform/firefly3/source/adc_driver.c **** 			return NRK_ERROR;
 132:../../../src/drivers/platform/firefly3/source/adc_driver.c **** 	     default:
 133:../../../src/drivers/platform/firefly3/source/adc_driver.c **** 		nrk_kernel_error_add(NRK_DEVICE_DRIVER,0);
 134:../../../src/drivers/platform/firefly3/source/adc_driver.c **** 		 return 0;
 135:../../../src/drivers/platform/firefly3/source/adc_driver.c **** 	}
 136:../../../src/drivers/platform/firefly3/source/adc_driver.c **** }
 137:../../../src/drivers/platform/firefly3/source/adc_driver.c **** 
 138:../../../src/drivers/platform/firefly3/source/adc_driver.c **** void init_adc()
 139:../../../src/drivers/platform/firefly3/source/adc_driver.c **** {
 322               	.LM0:
 323               	.LFBB1:
 324               	/* prologue: function */
 325               	/* frame size = 0 */
 326               	/* stack size = 0 */
 327               	.L__stack_usage = 0
 140:../../../src/drivers/platform/firefly3/source/adc_driver.c **** // Initialize values here
 141:../../../src/drivers/platform/firefly3/source/adc_driver.c ****   ADC_INIT ();
 329               	.LM1:
 330 0000 AAE7      		ldi r26,lo8(122)
 331 0002 B0E0      		ldi r27,0
 332 0004 83E0      		ldi r24,lo8(3)
 333 0006 8C93      		st X,r24
 334 0008 ECE7      		ldi r30,lo8(124)
 335 000a F0E0      		ldi r31,0
 336 000c 80E4      		ldi r24,lo8(64)
 337 000e 8083      		st Z,r24
 142:../../../src/drivers/platform/firefly3/source/adc_driver.c ****   ADC_ENABLE ();
 339               	.LM2:
 340 0010 8C91      		ld r24,X
 341 0012 8068      		ori r24,lo8(-128)
 342 0014 8C93      		st X,r24
 143:../../../src/drivers/platform/firefly3/source/adc_driver.c ****   channel=0;
 344               	.LM3:
 345 0016 1092 0000 		sts channel,__zero_reg__
 144:../../../src/drivers/platform/firefly3/source/adc_driver.c ****   ADC_SET_CHANNEL (0);
 347               	.LM4:
 348 001a 8081      		ld r24,Z
 349 001c 807E      		andi r24,lo8(-32)
 350 001e 8083      		st Z,r24
 351 0020 0895      		ret
 353               	.Lscope1:
 355               		.stabd	78,0,0
 357               	.global	delay
 359               	delay:
 360               		.stabd	46,0,0
 145:../../../src/drivers/platform/firefly3/source/adc_driver.c **** }
 146:../../../src/drivers/platform/firefly3/source/adc_driver.c **** 
 147:../../../src/drivers/platform/firefly3/source/adc_driver.c **** uint16_t get_adc_val()
 148:../../../src/drivers/platform/firefly3/source/adc_driver.c **** {                         
 149:../../../src/drivers/platform/firefly3/source/adc_driver.c **** 	uint16_t adc_val;
 150:../../../src/drivers/platform/firefly3/source/adc_driver.c **** 	ADC_SAMPLE_SINGLE();
 151:../../../src/drivers/platform/firefly3/source/adc_driver.c **** 	delay();
 152:../../../src/drivers/platform/firefly3/source/adc_driver.c **** 	ADC_GET_SAMPLE_10(adc_val);
 153:../../../src/drivers/platform/firefly3/source/adc_driver.c **** 	return adc_val;
 154:../../../src/drivers/platform/firefly3/source/adc_driver.c **** }
 155:../../../src/drivers/platform/firefly3/source/adc_driver.c **** void delay()
 156:../../../src/drivers/platform/firefly3/source/adc_driver.c **** {
 362               	.LM5:
 363               	.LFBB2:
 364               	/* prologue: function */
 365               	/* frame size = 0 */
 366               	/* stack size = 0 */
 367               	.L__stack_usage = 0
 157:../../../src/drivers/platform/firefly3/source/adc_driver.c ****   nrk_spin_wait_us(ADC_SETUP_DELAY);
 369               	.LM6:
 370 0022 84EF      		ldi r24,lo8(-12)
 371 0024 91E0      		ldi r25,lo8(1)
 372 0026 0C94 0000 		jmp nrk_spin_wait_us
 374               	.Lscope2:
 376               		.stabd	78,0,0
 378               	.global	get_adc_val
 380               	get_adc_val:
 381               		.stabd	46,0,0
 148:../../../src/drivers/platform/firefly3/source/adc_driver.c **** {                         
 383               	.LM7:
 384               	.LFBB3:
 385               	/* prologue: function */
 386               	/* frame size = 0 */
 387               	/* stack size = 0 */
 388               	.L__stack_usage = 0
 150:../../../src/drivers/platform/firefly3/source/adc_driver.c **** 	ADC_SAMPLE_SINGLE();
 390               	.LM8:
 391 002a 8091 7A00 		lds r24,122
 392 002e 8064      		ori r24,lo8(64)
 393 0030 8093 7A00 		sts 122,r24
 394               	.L5:
 150:../../../src/drivers/platform/firefly3/source/adc_driver.c **** 	ADC_SAMPLE_SINGLE();
 396               	.LM9:
 397 0034 8091 7A00 		lds r24,122
 398 0038 84FF      		sbrs r24,4
 399 003a 00C0      		rjmp .L5
 151:../../../src/drivers/platform/firefly3/source/adc_driver.c **** 	delay();
 401               	.LM10:
 402 003c 0E94 0000 		call delay
 152:../../../src/drivers/platform/firefly3/source/adc_driver.c **** 	ADC_GET_SAMPLE_10(adc_val);
 404               	.LM11:
 405 0040 8091 7800 		lds r24,120
 406 0044 2091 7900 		lds r18,121
 407 0048 90E0      		ldi r25,0
 154:../../../src/drivers/platform/firefly3/source/adc_driver.c **** }
 409               	.LM12:
 410 004a 922B      		or r25,r18
 411 004c 0895      		ret
 413               	.Lscope3:
 415               		.stabd	78,0,0
 421               	.global	dev_manager_adc
 423               	dev_manager_adc:
 424               		.stabd	46,0,0
  74:../../../src/drivers/platform/firefly3/source/adc_driver.c **** {
 426               	.LM13:
 427               	.LFBB4:
 428 004e CF93      		push r28
 429 0050 DF93      		push r29
 430               	/* prologue: function */
 431               	/* frame size = 0 */
 432               	/* stack size = 2 */
 433               	.L__stack_usage = 2
 434 0052 EA01      		movw r28,r20
  81:../../../src/drivers/platform/firefly3/source/adc_driver.c ****      switch(action)
 436               	.LM14:
 437 0054 8230      		cpi r24,lo8(2)
 438 0056 01F0      		breq .L19
 439 0058 00F4      		brsh .L10
 440 005a 8823      		tst r24
 441 005c 01F0      		breq .L11
 442 005e 8130      		cpi r24,lo8(1)
 443 0060 01F0      		breq .L12
 444 0062 00C0      		rjmp .L8
 445               	.L10:
 446 0064 8430      		cpi r24,lo8(4)
 447 0066 01F0      		breq .L13
 448 0068 00F0      		brlo .L14
 449 006a 8530      		cpi r24,lo8(5)
 450 006c 01F4      		brne .L8
 108:../../../src/drivers/platform/firefly3/source/adc_driver.c **** 			      val=get_adc_val();
 452               	.LM15:
 453 006e 0E94 0000 		call get_adc_val
 109:../../../src/drivers/platform/firefly3/source/adc_driver.c **** 			      buffer[count]=val & 0xFF;
 455               	.LM16:
 456 0072 8883      		st Y,r24
 111:../../../src/drivers/platform/firefly3/source/adc_driver.c **** 			      buffer[count]=(val>>8)  & 0xFF;
 458               	.LM17:
 459 0074 9983      		std Y+1,r25
 113:../../../src/drivers/platform/firefly3/source/adc_driver.c ****                       return count;
 461               	.LM18:
 462 0076 82E0      		ldi r24,lo8(2)
 463 0078 00C0      		rjmp .L9
 464               	.L11:
  84:../../../src/drivers/platform/firefly3/source/adc_driver.c **** 	     		init_adc();  
 466               	.LM19:
 467 007a 0E94 0000 		call init_adc
 468 007e 00C0      		rjmp .L19
 469               	.L12:
  88:../../../src/drivers/platform/firefly3/source/adc_driver.c **** 		    if(opt&READ_FLAG)
 471               	.LM20:
 472 0080 60FD      		sbrc r22,0
 473 0082 00C0      		rjmp .L19
  92:../../../src/drivers/platform/firefly3/source/adc_driver.c **** 		    if(opt&WRITE_FLAG)
 475               	.LM21:
 476 0084 61FD      		sbrc r22,1
 477 0086 00C0      		rjmp .L21
  96:../../../src/drivers/platform/firefly3/source/adc_driver.c **** 		    if(opt&APPEND_FLAG)
 479               	.LM22:
 480 0088 62FD      		sbrc r22,2
 481 008a 00C0      		rjmp .L21
 482 008c 00C0      		rjmp .L19
 483               	.L14:
 120:../../../src/drivers/platform/firefly3/source/adc_driver.c **** 			if(key==ADC_CHAN) return channel;
 485               	.LM23:
 486 008e 6130      		cpi r22,lo8(1)
 487 0090 01F4      		brne .L21
 120:../../../src/drivers/platform/firefly3/source/adc_driver.c **** 			if(key==ADC_CHAN) return channel;
 489               	.LM24:
 490 0092 8091 0000 		lds r24,channel
 491 0096 00C0      		rjmp .L9
 492               	.L13:
 125:../../../src/drivers/platform/firefly3/source/adc_driver.c ****   			if(key==ADC_CHAN) 
 494               	.LM25:
 495 0098 6130      		cpi r22,lo8(1)
 496 009a 01F4      		brne .L21
 127:../../../src/drivers/platform/firefly3/source/adc_driver.c **** 				channel=value;
 498               	.LM26:
 499 009c 2093 0000 		sts channel,r18
 128:../../../src/drivers/platform/firefly3/source/adc_driver.c **** 				ADC_SET_CHANNEL (channel);
 501               	.LM27:
 502 00a0 8091 7C00 		lds r24,124
 503 00a4 807E      		andi r24,lo8(-32)
 504 00a6 822B      		or r24,r18
 505 00a8 8093 7C00 		sts 124,r24
 506 00ac 00C0      		rjmp .L19
 507               	.L8:
 133:../../../src/drivers/platform/firefly3/source/adc_driver.c **** 		nrk_kernel_error_add(NRK_DEVICE_DRIVER,0);
 509               	.LM28:
 510 00ae 60E0      		ldi r22,0
 511 00b0 8CE0      		ldi r24,lo8(12)
 512 00b2 0E94 0000 		call nrk_kernel_error_add
 134:../../../src/drivers/platform/firefly3/source/adc_driver.c **** 		 return 0;
 514               	.LM29:
 515 00b6 80E0      		ldi r24,0
 516 00b8 00C0      		rjmp .L9
 517               	.L19:
  90:../../../src/drivers/platform/firefly3/source/adc_driver.c **** 		   	return NRK_OK; 
 519               	.LM30:
 520 00ba 81E0      		ldi r24,lo8(1)
 521 00bc 00C0      		rjmp .L9
 522               	.L21:
  94:../../../src/drivers/platform/firefly3/source/adc_driver.c **** 		   	return NRK_ERROR; 
 524               	.LM31:
 525 00be 8FEF      		ldi r24,lo8(-1)
 526               	.L9:
 527               	/* epilogue start */
 136:../../../src/drivers/platform/firefly3/source/adc_driver.c **** }
 529               	.LM32:
 530 00c0 DF91      		pop r29
 531 00c2 CF91      		pop r28
 532 00c4 0895      		ret
 534               	.Lscope4:
 536               		.stabd	78,0,0
 537               		.comm	channel,1,1
 538               		.comm	nrk_kernel_stk_ptr,2,1
 539               		.comm	nrk_idle_task_stk,128,1
 540               		.comm	error_num,1,1
 541               		.comm	error_task,1,1
 542               		.comm	_nrk_signal_list,4,1
 550               	.Letext0:
 551               		.ident	"GCC: (GNU) 4.8.2"
 552               	.global __do_clear_bss
DEFINED SYMBOLS
                            *ABS*:0000000000000000 adc_driver.c
     /tmp/cc9Q6vRb.s:2      *ABS*:000000000000003e __SP_H__
     /tmp/cc9Q6vRb.s:3      *ABS*:000000000000003d __SP_L__
     /tmp/cc9Q6vRb.s:4      *ABS*:000000000000003f __SREG__
     /tmp/cc9Q6vRb.s:5      *ABS*:000000000000003b __RAMPZ__
     /tmp/cc9Q6vRb.s:6      *ABS*:0000000000000000 __tmp_reg__
     /tmp/cc9Q6vRb.s:7      *ABS*:0000000000000001 __zero_reg__
     /tmp/cc9Q6vRb.s:319    .text:0000000000000000 init_adc
                            *COM*:0000000000000001 channel
     /tmp/cc9Q6vRb.s:359    .text:0000000000000022 delay
     /tmp/cc9Q6vRb.s:380    .text:000000000000002a get_adc_val
     /tmp/cc9Q6vRb.s:423    .text:000000000000004e dev_manager_adc
                            *COM*:0000000000000002 nrk_kernel_stk_ptr
                            *COM*:0000000000000080 nrk_idle_task_stk
                            *COM*:0000000000000001 error_num
                            *COM*:0000000000000001 error_task
                            *COM*:0000000000000004 _nrk_signal_list

UNDEFINED SYMBOLS
nrk_spin_wait_us
nrk_kernel_error_add
__do_clear_bss
